<?xml version="1.0" encoding="UTF-8"?>
<!-- Generated by org.testng.reporters.JUnitReportReporter -->
<testsuite hostname="LAPTOP-7E54ELR0" failures="0" tests="1" name="Test1.helloWorld" time="44.887" errors="0" timestamp="2025-06-26T16:41:57 EDT" skipped="0">
  <testcase classname="Test1.helloWorld" name="test" time="44.887"/>
</testsuite> <!-- Test1.helloWorld -->
